<?xml version="1.0" encoding="UTF-8"?>
<!-- Generated by org.testng.reporters.JUnitReportReporter -->
<testsuite hostname="DESKTOP-VE200AA" failures="0" tests="2" name="test.ExtentReportsWithTestNG" time="8.279" errors="0" timestamp="2022-05-25T22:08:10 IST" skipped="0">
  <testcase classname="test.ExtentReportsWithTestNG" name="test1" time="8.277"/>
  <system-out/>
  <testcase classname="test.ExtentReportsWithTestNG" name="test2" time="0.002"/>
  <system-out/>
</testsuite> <!-- test.ExtentReportsWithTestNG -->
