<?xml version="1.0" encoding="UTF-8"?>
<!-- Generated by org.testng.reporters.JUnitReportReporter -->
<testsuite hostname="DESKTOP-VE200AA" failures="0" tests="2" name="utils.ExcelDataProvider" time="8.491" errors="0" timestamp="2022-05-26T17:38:50 IST" skipped="0">
  <testcase classname="utils.ExcelDataProvider" name="test1" time="3.230"/>
  <system-out/>
  <testcase classname="utils.ExcelDataProvider" name="test1" time="5.261"/>
  <system-out/>
</testsuite> <!-- utils.ExcelDataProvider -->
