<?xml version="1.0" encoding="UTF-8"?>
<!-- Generated by org.testng.reporters.JUnitReportReporter -->
<testsuite hostname="DESKTOP-VE200AA" failures="0" tests="2" name="test.TestNGIgnoreTestDemo" time="0.019" errors="0" timestamp="2022-05-28T11:44:33 IST" skipped="0">
  <testcase classname="test.TestNGIgnoreTestDemo" name="test1" time="0.016"/>
  <system-out/>
  <testcase classname="test.TestNGIgnoreTestDemo" name="test2" time="0.003"/>
  <system-out/>
</testsuite> <!-- test.TestNGIgnoreTestDemo -->
