<?xml version="1.0" encoding="UTF-8"?>
<!-- Generated by org.testng.reporters.JUnitReportReporter -->
<testsuite hostname="DESKTOP-VE200AA" failures="0" tests="1" name="test.GoogleSearch" time="8.068" errors="0" timestamp="2022-05-25T12:49:40 IST" skipped="0">
  <testcase classname="test.GoogleSearch" name="googleSearch" time="8.068"/>
  <system-out/>
</testsuite> <!-- test.GoogleSearch -->
